<?xml version="1.0" encoding="UTF-8"?>
<!-- Generated by org.testng.reporters.JUnitXMLReporter -->
<testsuite ignored="0" hostname="DESKTOP-JV1I1EE" failures="0" tests="3" name="Default test" time="3.716" errors="0" timestamp="2023-11-12T15:42:28 IST">
  <testcase classname="RestAssuredScripts.LessonEndProject" name="get_users" time="2.851"/>
  <testcase classname="RestAssuredScripts.LessonEndProject" name="logging_test" time="0.406"/>
  <testcase classname="RestAssuredScripts.LessonEndProject" name="register_user" time="0.356"/>
</testsuite> <!-- Default test -->
