<?xml version="1.0" encoding="UTF-8"?>
<testng-results ignored="0" total="3" passed="3" failed="0" skipped="0">
  <reporter-output>
  </reporter-output>
  <suite started-at="2023-11-12T15:42:25 IST" name="Default suite" finished-at="2023-11-12T15:42:28 IST" duration-ms="3716">
    <groups>
    </groups>
    <test started-at="2023-11-12T15:42:25 IST" name="Default test" finished-at="2023-11-12T15:42:28 IST" duration-ms="3716">
      <class name="RestAssuredScripts.LessonEndProject">
        <test-method signature="get_users()[pri:0, instance:RestAssuredScripts.LessonEndProject@59402b8f]" started-at="2023-11-12T15:42:25 IST" name="get_users" finished-at="2023-11-12T15:42:28 IST" duration-ms="2851" status="PASS">
          <reporter-output>
          </reporter-output>
        </test-method> <!-- get_users -->
        <test-method signature="logging_test()[pri:0, instance:RestAssuredScripts.LessonEndProject@59402b8f]" started-at="2023-11-12T15:42:28 IST" name="logging_test" finished-at="2023-11-12T15:42:28 IST" duration-ms="406" status="PASS">
          <reporter-output>
          </reporter-output>
        </test-method> <!-- logging_test -->
        <test-method signature="register_user()[pri:0, instance:RestAssuredScripts.LessonEndProject@59402b8f]" started-at="2023-11-12T15:42:28 IST" name="register_user" finished-at="2023-11-12T15:42:28 IST" duration-ms="356" status="PASS">
          <reporter-output>
          </reporter-output>
        </test-method> <!-- register_user -->
      </class> <!-- RestAssuredScripts.LessonEndProject -->
    </test> <!-- Default test -->
  </suite> <!-- Default suite -->
</testng-results>
